e:\project\huchuanfeng\scaffoldgeneration\scaffoldgeneration\x64\release\qrc_scaffoldgeneration.obj
e:\project\huchuanfeng\scaffoldgeneration\scaffoldgeneration\x64\release\scaffoldgeneration.obj
e:\project\huchuanfeng\scaffoldgeneration\scaffoldgeneration\x64\release\main.obj
e:\project\huchuanfeng\scaffoldgeneration\scaffoldgeneration\x64\release\openglwidget.obj
e:\project\huchuanfeng\scaffoldgeneration\scaffoldgeneration\x64\release\moc_scaffoldgeneration.obj
e:\project\huchuanfeng\scaffoldgeneration\scaffoldgeneration\x64\release\moc_openglwidget.obj
e:\project\huchuanfeng\scaffoldgeneration\scaffoldgeneration\x64\release\math3d.obj
e:\project\huchuanfeng\scaffoldgeneration\scaffoldgeneration\x64\release\scaffoldmesh.obj
e:\project\huchuanfeng\scaffoldgeneration\scaffoldgeneration\generatedfiles\ui_scaffoldgeneration.h
e:\project\huchuanfeng\scaffoldgeneration\scaffoldgeneration\generatedfiles\qrc_scaffoldgeneration.cpp
e:\project\huchuanfeng\scaffoldgeneration\scaffoldgeneration\generatedfiles\release\moc_openglwidget.cpp
e:\project\huchuanfeng\scaffoldgeneration\scaffoldgeneration\generatedfiles\release\moc_scaffoldgeneration.cpp
e:\project\huchuanfeng\scaffoldgeneration\x64\release\scaffoldgeneration.pdb
e:\project\huchuanfeng\scaffoldgeneration\scaffoldgeneration\x64\release\scaffold.b12702ad.tlog\cl.command.1.tlog
e:\project\huchuanfeng\scaffoldgeneration\scaffoldgeneration\x64\release\scaffold.b12702ad.tlog\cl.read.1.tlog
e:\project\huchuanfeng\scaffoldgeneration\scaffoldgeneration\x64\release\scaffold.b12702ad.tlog\cl.write.1.tlog
e:\project\huchuanfeng\scaffoldgeneration\scaffoldgeneration\x64\release\scaffold.b12702ad.tlog\custombuild.command.1.tlog
e:\project\huchuanfeng\scaffoldgeneration\scaffoldgeneration\x64\release\scaffold.b12702ad.tlog\custombuild.read.1.tlog
e:\project\huchuanfeng\scaffoldgeneration\scaffoldgeneration\x64\release\scaffold.b12702ad.tlog\custombuild.write.1.tlog
e:\project\huchuanfeng\scaffoldgeneration\scaffoldgeneration\x64\release\scaffold.b12702ad.tlog\link-cvtres.read.1.tlog
e:\project\huchuanfeng\scaffoldgeneration\scaffoldgeneration\x64\release\scaffold.b12702ad.tlog\link-cvtres.write.1.tlog
e:\project\huchuanfeng\scaffoldgeneration\scaffoldgeneration\x64\release\scaffold.b12702ad.tlog\link-rc.read.1.tlog
e:\project\huchuanfeng\scaffoldgeneration\scaffoldgeneration\x64\release\scaffold.b12702ad.tlog\link-rc.write.1.tlog
e:\project\huchuanfeng\scaffoldgeneration\scaffoldgeneration\x64\release\scaffold.b12702ad.tlog\link.1912-cvtres.read.1.tlog
e:\project\huchuanfeng\scaffoldgeneration\scaffoldgeneration\x64\release\scaffold.b12702ad.tlog\link.1912-cvtres.write.1.tlog
e:\project\huchuanfeng\scaffoldgeneration\scaffoldgeneration\x64\release\scaffold.b12702ad.tlog\link.1912-rc.read.1.tlog
e:\project\huchuanfeng\scaffoldgeneration\scaffoldgeneration\x64\release\scaffold.b12702ad.tlog\link.1912-rc.write.1.tlog
e:\project\huchuanfeng\scaffoldgeneration\scaffoldgeneration\x64\release\scaffold.b12702ad.tlog\link.1912.read.1.tlog
e:\project\huchuanfeng\scaffoldgeneration\scaffoldgeneration\x64\release\scaffold.b12702ad.tlog\link.1912.write.1.tlog
e:\project\huchuanfeng\scaffoldgeneration\scaffoldgeneration\x64\release\scaffold.b12702ad.tlog\link.command.1.tlog
e:\project\huchuanfeng\scaffoldgeneration\scaffoldgeneration\x64\release\scaffold.b12702ad.tlog\link.read.1.tlog
e:\project\huchuanfeng\scaffoldgeneration\scaffoldgeneration\x64\release\scaffold.b12702ad.tlog\link.write.1.tlog
